# JRE version: Java(TM) SE Runtime Environment (8.0_111-b14) (build 1.8.0_111-b14)
# Java VM: Java HotSpot(TM) 64-Bit Server VM (25.111-b14 mixed mode windows-amd64 compressed oops)
Heap:
 PSYoungGen      total 421376K, used 1425K [0x00000000d6000000, 0x00000000f8180000, 0x0000000100000000)
  eden space 398848K, 0% used [0x00000000d6000000,0x00000000d6000000,0x00000000ee580000)
  from space 22528K, 6% used [0x00000000ee580000,0x00000000ee6e47f8,0x00000000efb80000)
  to   space 23040K, 0% used [0x00000000f6b00000,0x00000000f6b00000,0x00000000f8180000)
 ParOldGen       total 75264K, used 47993K [0x0000000082000000, 0x0000000086980000, 0x00000000d6000000)
  object space 75264K, 63% used [0x0000000082000000,0x0000000084ede680,0x0000000086980000)
 Metaspace       used 58036K, capacity 58656K, committed 59096K, reserved 1101824K
  class space    used 7259K, capacity 7430K, committed 7552K, reserved 1048576K
GC Heap History (10 events):
Event: 6.654 GC heap after
Heap after GC invocations=11 (full 2):
 PSYoungGen      total 228352K, used 0K [0x00000000d6000000, 0x00000000eb100000, 0x0000000100000000)
  eden space 215552K, 0% used [0x00000000d6000000,0x00000000d6000000,0x00000000e3280000)
  from space 12800K, 0% used [0x00000000e3280000,0x00000000e3280000,0x00000000e3f00000)
  to   space 15872K, 0% used [0x00000000ea180000,0x00000000ea180000,0x00000000eb100000)
 ParOldGen       total 75264K, used 21555K [0x0000000082000000, 0x0000000086980000, 0x00000000d6000000)
  object space 75264K, 28% used [0x0000000082000000,0x000000008350cc00,0x0000000086980000)
 Metaspace       used 34792K, capacity 35200K, committed 35456K, reserved 1081344K
  class space    used 4270K, capacity 4371K, committed 4480K, reserved 1048576K
}
Event: 8.202 GC heap before
{Heap before GC invocations=12 (full 2):
 PSYoungGen      total 228352K, used 215552K [0x00000000d6000000, 0x00000000eb100000, 0x0000000100000000)
  eden space 215552K, 100% used [0x00000000d6000000,0x00000000e3280000,0x00000000e3280000)
  from space 12800K, 0% used [0x00000000e3280000,0x00000000e3280000,0x00000000e3f00000)
  to   space 15872K, 0% used [0x00000000ea180000,0x00000000ea180000,0x00000000eb100000)
 ParOldGen       total 75264K, used 21555K [0x0000000082000000, 0x0000000086980000, 0x00000000d6000000)
  object space 75264K, 28% used [0x0000000082000000,0x000000008350cc00,0x0000000086980000)
 Metaspace       used 37463K, capacity 37854K, committed 38272K, reserved 1083392K
  class space    used 4611K, capacity 4696K, committed 4736K, reserved 1048576K
Event: 8.216 GC heap after
Heap after GC invocations=12 (full 2):
 PSYoungGen      total 307200K, used 9599K [0x00000000d6000000, 0x00000000eab00000, 0x0000000100000000)
  eden space 297472K, 0% used [0x00000000d6000000,0x00000000d6000000,0x00000000e8280000)
  from space 9728K, 98% used [0x00000000ea180000,0x00000000eaadfee0,0x00000000eab00000)
  to   space 15360K, 0% used [0x00000000e8d00000,0x00000000e8d00000,0x00000000e9c00000)
 ParOldGen       total 75264K, used 21563K [0x0000000082000000, 0x0000000086980000, 0x00000000d6000000)
  object space 75264K, 28% used [0x0000000082000000,0x000000008350ec00,0x0000000086980000)
 Metaspace       used 37463K, capacity 37854K, committed 38272K, reserved 1083392K
  class space    used 4611K, capacity 4696K, committed 4736K, reserved 1048576K
}
Event: 11.205 GC heap before
{Heap before GC invocations=13 (full 2):
 PSYoungGen      total 307200K, used 307071K [0x00000000d6000000, 0x00000000eab00000, 0x0000000100000000)
  eden space 297472K, 100% used [0x00000000d6000000,0x00000000e8280000,0x00000000e8280000)
  from space 9728K, 98% used [0x00000000ea180000,0x00000000eaadfee0,0x00000000eab00000)
  to   space 15360K, 0% used [0x00000000e8d00000,0x00000000e8d00000,0x00000000e9c00000)
 ParOldGen       total 75264K, used 21563K [0x0000000082000000, 0x0000000086980000, 0x00000000d6000000)
  object space 75264K, 28% used [0x0000000082000000,0x000000008350ec00,0x0000000086980000)
 Metaspace       used 42861K, capacity 43414K, committed 43904K, reserved 1087488K
  class space    used 5282K, capacity 5394K, committed 5504K, reserved 1048576K
Event: 11.253 GC heap after
Heap after GC invocations=13 (full 2):
 PSYoungGen      total 323584K, used 13560K [0x00000000d6000000, 0x00000000f0c00000, 0x0000000100000000)
  eden space 308224K, 0% used [0x00000000d6000000,0x00000000d6000000,0x00000000e8d00000)
  from space 15360K, 88% used [0x00000000e8d00000,0x00000000e9a3e2e8,0x00000000e9c00000)
  to   space 16896K, 0% used [0x00000000efb80000,0x00000000efb80000,0x00000000f0c00000)
 ParOldGen       total 75264K, used 29086K [0x0000000082000000, 0x0000000086980000, 0x00000000d6000000)
  object space 75264K, 38% used [0x0000000082000000,0x0000000083c67af0,0x0000000086980000)
 Metaspace       used 42861K, capacity 43414K, committed 43904K, reserved 1087488K
  class space    used 5282K, capacity 5394K, committed 5504K, reserved 1048576K
}
Event: 19.591 GC heap before
{Heap before GC invocations=14 (full 2):
 PSYoungGen      total 323584K, used 321784K [0x00000000d6000000, 0x00000000f0c00000, 0x0000000100000000)
  eden space 308224K, 100% used [0x00000000d6000000,0x00000000e8d00000,0x00000000e8d00000)
  from space 15360K, 88% used [0x00000000e8d00000,0x00000000e9a3e2e8,0x00000000e9c00000)
  to   space 16896K, 0% used [0x00000000efb80000,0x00000000efb80000,0x00000000f0c00000)
 ParOldGen       total 75264K, used 29086K [0x0000000082000000, 0x0000000086980000, 0x00000000d6000000)
  object space 75264K, 38% used [0x0000000082000000,0x0000000083c67af0,0x0000000086980000)
 Metaspace       used 57105K, capacity 57792K, committed 58368K, reserved 1099776K
  class space    used 7152K, capacity 7334K, committed 7424K, reserved 1048576K
Event: 19.638 GC heap after
Heap after GC invocations=14 (full 2):
 PSYoungGen      total 415744K, used 16884K [0x00000000d6000000, 0x00000000f1b80000, 0x0000000100000000)
  eden space 398848K, 0% used [0x00000000d6000000,0x00000000d6000000,0x00000000ee580000)
  from space 16896K, 99% used [0x00000000efb80000,0x00000000f0bfd0d0,0x00000000f0c00000)
  to   space 22528K, 0% used [0x00000000ee580000,0x00000000ee580000,0x00000000efb80000)
 ParOldGen       total 75264K, used 39083K [0x0000000082000000, 0x0000000086980000, 0x00000000d6000000)
  object space 75264K, 51% used [0x0000000082000000,0x000000008462adf8,0x0000000086980000)
 Metaspace       used 57105K, capacity 57792K, committed 58368K, reserved 1099776K
  class space    used 7152K, capacity 7334K, committed 7424K, reserved 1048576K
}
Event: 97.048 GC heap before
{Heap before GC invocations=15 (full 2):
 PSYoungGen      total 415744K, used 56180K [0x00000000d6000000, 0x00000000f1b80000, 0x0000000100000000)
  eden space 398848K, 9% used [0x00000000d6000000,0x00000000d8660040,0x00000000ee580000)
  from space 16896K, 99% used [0x00000000efb80000,0x00000000f0bfd0d0,0x00000000f0c00000)
  to   space 22528K, 0% used [0x00000000ee580000,0x00000000ee580000,0x00000000efb80000)
 ParOldGen       total 75264K, used 39083K [0x0000000082000000, 0x0000000086980000, 0x00000000d6000000)
  object space 75264K, 51% used [0x0000000082000000,0x000000008462adf8,0x0000000086980000)
 Metaspace       used 58036K, capacity 58656K, committed 59096K, reserved 1101824K
  class space    used 7259K, capacity 7430K, committed 7552K, reserved 1048576K
Event: 97.088 GC heap after
Heap after GC invocations=15 (full 2):
 PSYoungGen      total 421376K, used 1425K [0x00000000d6000000, 0x00000000f8180000, 0x0000000100000000)
  eden space 398848K, 0% used [0x00000000d6000000,0x00000000d6000000,0x00000000ee580000)
  from space 22528K, 6% used [0x00000000ee580000,0x00000000ee6e47f8,0x00000000efb80000)
  to   space 23040K, 0% used [0x00000000f6b00000,0x00000000f6b00000,0x00000000f8180000)
 ParOldGen       total 75264K, used 47993K [0x0000000082000000, 0x0000000086980000, 0x00000000d6000000)
  object space 75264K, 63% used [0x0000000082000000,0x0000000084ede680,0x0000000086980000)
 Metaspace       used 58036K, capacity 58656K, committed 59096K, reserved 1101824K
  class space    used 7259K, capacity 7430K, committed 7552K, reserved 1048576K
}
Event: 97.088 GC heap before
{Heap before GC invocations=16 (full 3):
 PSYoungGen      total 421376K, used 1425K [0x00000000d6000000, 0x00000000f8180000, 0x0000000100000000)
  eden space 398848K, 0% used [0x00000000d6000000,0x00000000d6000000,0x00000000ee580000)
  from space 22528K, 6% used [0x00000000ee580000,0x00000000ee6e47f8,0x00000000efb80000)
  to   space 23040K, 0% used [0x00000000f6b00000,0x00000000f6b00000,0x00000000f8180000)
 ParOldGen       total 75264K, used 47993K [0x0000000082000000, 0x0000000086980000, 0x00000000d6000000)
  object space 75264K, 63% used [0x0000000082000000,0x0000000084ede680,0x0000000086980000)
 Metaspace       used 58036K, capacity 58656K, committed 59096K, reserved 1101824K
  class space    used 7259K, capacity 7430K, committed 7552K, reserved 1048576K

